mode: set
github.com/mi4r/avito-shop/cmd/shop/main.go:14.13,17.16 3 0
github.com/mi4r/avito-shop/cmd/shop/main.go:17.16,19.3 1 0
github.com/mi4r/avito-shop/cmd/shop/main.go:20.2,22.34 2 0
github.com/mi4r/avito-shop/cmd/shop/main.go:22.34,24.3 1 0
github.com/mi4r/avito-shop/cmd/shop/main.go:26.2,32.33 5 0
github.com/mi4r/avito-shop/internal/server/server.go:12.52,20.50 5 0
github.com/mi4r/avito-shop/internal/server/server.go:20.50,24.3 3 0
github.com/mi4r/avito-shop/internal/server/server.go:25.2,28.3 1 0
github.com/mi4r/avito-shop/internal/storage/storage/storage.go:38.54,40.2 1 0
github.com/mi4r/avito-shop/internal/storage/storage/storage.go:42.47,44.50 1 0
github.com/mi4r/avito-shop/internal/storage/storage/storage.go:44.50,46.3 1 0
github.com/mi4r/avito-shop/internal/storage/storage/storage.go:49.64,52.16 2 0
github.com/mi4r/avito-shop/internal/storage/storage/storage.go:52.16,54.3 1 0
github.com/mi4r/avito-shop/internal/storage/storage/storage.go:56.2,60.16 2 0
github.com/mi4r/avito-shop/internal/storage/storage/storage.go:60.16,62.3 1 0
github.com/mi4r/avito-shop/internal/storage/storage/storage.go:63.2,63.18 1 0
github.com/mi4r/avito-shop/internal/storage/storage/storage.go:66.105,70.16 3 0
github.com/mi4r/avito-shop/internal/storage/storage/storage.go:70.16,72.3 1 0
github.com/mi4r/avito-shop/internal/storage/storage/storage.go:73.2,73.19 1 0
github.com/mi4r/avito-shop/internal/storage/storage/storage.go:76.112,85.63 3 0
github.com/mi4r/avito-shop/internal/storage/storage/storage.go:85.63,87.3 1 0
github.com/mi4r/avito-shop/internal/storage/storage/storage.go:88.2,88.16 1 0
github.com/mi4r/avito-shop/internal/storage/storage/storage.go:88.16,90.3 1 0
github.com/mi4r/avito-shop/internal/storage/storage/storage.go:91.2,91.19 1 0
github.com/mi4r/avito-shop/internal/storage/storage/storage.go:94.109,101.16 2 0
github.com/mi4r/avito-shop/internal/storage/storage/storage.go:101.16,103.3 1 0
github.com/mi4r/avito-shop/internal/storage/storage/storage.go:104.2,107.18 3 0
github.com/mi4r/avito-shop/internal/storage/storage/storage.go:107.18,109.63 2 0
github.com/mi4r/avito-shop/internal/storage/storage/storage.go:109.63,111.4 1 0
github.com/mi4r/avito-shop/internal/storage/storage/storage.go:112.3,112.24 1 0
github.com/mi4r/avito-shop/internal/storage/storage/storage.go:112.24,114.4 1 0
github.com/mi4r/avito-shop/internal/storage/storage/storage.go:116.2,116.23 1 0
github.com/mi4r/avito-shop/internal/storage/storage/storage.go:119.139,128.16 2 0
github.com/mi4r/avito-shop/internal/storage/storage/storage.go:128.16,130.3 1 0
github.com/mi4r/avito-shop/internal/storage/storage/storage.go:131.2,134.26 3 0
github.com/mi4r/avito-shop/internal/storage/storage/storage.go:134.26,136.67 2 0
github.com/mi4r/avito-shop/internal/storage/storage/storage.go:136.67,138.4 1 0
github.com/mi4r/avito-shop/internal/storage/storage/storage.go:139.3,139.33 1 0
github.com/mi4r/avito-shop/internal/storage/storage/storage.go:143.2,150.16 2 0
github.com/mi4r/avito-shop/internal/storage/storage/storage.go:150.16,152.3 1 0
github.com/mi4r/avito-shop/internal/storage/storage/storage.go:153.2,156.22 3 0
github.com/mi4r/avito-shop/internal/storage/storage/storage.go:156.22,158.61 2 0
github.com/mi4r/avito-shop/internal/storage/storage/storage.go:158.61,160.4 1 0
github.com/mi4r/avito-shop/internal/storage/storage/storage.go:161.3,161.25 1 0
github.com/mi4r/avito-shop/internal/storage/storage/storage.go:164.2,164.28 1 0
github.com/mi4r/avito-shop/internal/storage/storage/storage.go:167.117,169.16 2 0
github.com/mi4r/avito-shop/internal/storage/storage/storage.go:169.16,171.3 1 0
github.com/mi4r/avito-shop/internal/storage/storage/storage.go:172.2,180.16 4 0
github.com/mi4r/avito-shop/internal/storage/storage/storage.go:180.16,181.27 1 0
github.com/mi4r/avito-shop/internal/storage/storage/storage.go:181.27,183.4 1 0
github.com/mi4r/avito-shop/internal/storage/storage/storage.go:184.3,184.13 1 0
github.com/mi4r/avito-shop/internal/storage/storage/storage.go:187.2,187.26 1 0
github.com/mi4r/avito-shop/internal/storage/storage/storage.go:187.26,189.3 1 0
github.com/mi4r/avito-shop/internal/storage/storage/storage.go:192.2,197.16 3 0
github.com/mi4r/avito-shop/internal/storage/storage/storage.go:197.16,198.27 1 0
github.com/mi4r/avito-shop/internal/storage/storage/storage.go:198.27,200.4 1 0
github.com/mi4r/avito-shop/internal/storage/storage/storage.go:201.3,201.13 1 0
github.com/mi4r/avito-shop/internal/storage/storage/storage.go:205.2,209.16 2 0
github.com/mi4r/avito-shop/internal/storage/storage/storage.go:209.16,211.3 1 0
github.com/mi4r/avito-shop/internal/storage/storage/storage.go:213.2,217.16 2 0
github.com/mi4r/avito-shop/internal/storage/storage/storage.go:217.16,219.3 1 0
github.com/mi4r/avito-shop/internal/storage/storage/storage.go:222.2,227.16 2 0
github.com/mi4r/avito-shop/internal/storage/storage/storage.go:227.16,229.3 1 0
github.com/mi4r/avito-shop/internal/storage/storage/storage.go:231.2,231.20 1 0
github.com/mi4r/avito-shop/internal/storage/storage/storage.go:234.89,236.16 2 0
github.com/mi4r/avito-shop/internal/storage/storage/storage.go:236.16,238.3 1 0
github.com/mi4r/avito-shop/internal/storage/storage/storage.go:239.2,247.16 4 0
github.com/mi4r/avito-shop/internal/storage/storage/storage.go:247.16,248.27 1 0
github.com/mi4r/avito-shop/internal/storage/storage/storage.go:248.27,250.4 1 0
github.com/mi4r/avito-shop/internal/storage/storage/storage.go:251.3,251.13 1 0
github.com/mi4r/avito-shop/internal/storage/storage/storage.go:255.2,260.16 3 0
github.com/mi4r/avito-shop/internal/storage/storage/storage.go:260.16,261.27 1 0
github.com/mi4r/avito-shop/internal/storage/storage/storage.go:261.27,263.4 1 0
github.com/mi4r/avito-shop/internal/storage/storage/storage.go:264.3,264.13 1 0
github.com/mi4r/avito-shop/internal/storage/storage/storage.go:267.2,267.23 1 0
github.com/mi4r/avito-shop/internal/storage/storage/storage.go:267.23,269.3 1 0
github.com/mi4r/avito-shop/internal/storage/storage/storage.go:272.2,276.16 2 0
github.com/mi4r/avito-shop/internal/storage/storage/storage.go:276.16,278.3 1 0
github.com/mi4r/avito-shop/internal/storage/storage/storage.go:281.2,288.16 2 0
github.com/mi4r/avito-shop/internal/storage/storage/storage.go:288.16,290.3 1 0
github.com/mi4r/avito-shop/internal/storage/storage/storage.go:292.2,292.20 1 0
github.com/mi4r/avito-shop/internal/storage/mocks/storage.go:18.89,21.19 2 0
github.com/mi4r/avito-shop/internal/storage/mocks/storage.go:21.19,22.49 1 0
github.com/mi4r/avito-shop/internal/storage/mocks/storage.go:25.2,26.76 2 0
github.com/mi4r/avito-shop/internal/storage/mocks/storage.go:26.76,28.3 1 0
github.com/mi4r/avito-shop/internal/storage/mocks/storage.go:28.8,30.3 1 0
github.com/mi4r/avito-shop/internal/storage/mocks/storage.go:32.2,32.11 1 0
github.com/mi4r/avito-shop/internal/storage/mocks/storage.go:36.112,39.19 2 0
github.com/mi4r/avito-shop/internal/storage/mocks/storage.go:39.19,40.52 1 0
github.com/mi4r/avito-shop/internal/storage/mocks/storage.go:43.2,45.92 3 0
github.com/mi4r/avito-shop/internal/storage/mocks/storage.go:45.92,47.3 1 0
github.com/mi4r/avito-shop/internal/storage/mocks/storage.go:48.2,48.83 1 0
github.com/mi4r/avito-shop/internal/storage/mocks/storage.go:48.83,50.3 1 0
github.com/mi4r/avito-shop/internal/storage/mocks/storage.go:50.8,51.24 1 0
github.com/mi4r/avito-shop/internal/storage/mocks/storage.go:51.24,53.4 1 0
github.com/mi4r/avito-shop/internal/storage/mocks/storage.go:56.2,56.76 1 0
github.com/mi4r/avito-shop/internal/storage/mocks/storage.go:56.76,58.3 1 0
github.com/mi4r/avito-shop/internal/storage/mocks/storage.go:58.8,60.3 1 0
github.com/mi4r/avito-shop/internal/storage/mocks/storage.go:62.2,62.15 1 0
github.com/mi4r/avito-shop/internal/storage/mocks/storage.go:66.132,69.19 2 0
github.com/mi4r/avito-shop/internal/storage/mocks/storage.go:69.19,70.56 1 0
github.com/mi4r/avito-shop/internal/storage/mocks/storage.go:73.2,76.123 4 0
github.com/mi4r/avito-shop/internal/storage/mocks/storage.go:76.123,78.3 1 0
github.com/mi4r/avito-shop/internal/storage/mocks/storage.go:79.2,79.88 1 0
github.com/mi4r/avito-shop/internal/storage/mocks/storage.go:79.88,81.3 1 0
github.com/mi4r/avito-shop/internal/storage/mocks/storage.go:81.8,82.24 1 0
github.com/mi4r/avito-shop/internal/storage/mocks/storage.go:82.24,84.4 1 0
github.com/mi4r/avito-shop/internal/storage/mocks/storage.go:87.2,87.84 1 0
github.com/mi4r/avito-shop/internal/storage/mocks/storage.go:87.84,89.3 1 0
github.com/mi4r/avito-shop/internal/storage/mocks/storage.go:89.8,90.24 1 0
github.com/mi4r/avito-shop/internal/storage/mocks/storage.go:90.24,92.4 1 0
github.com/mi4r/avito-shop/internal/storage/mocks/storage.go:95.2,95.65 1 0
github.com/mi4r/avito-shop/internal/storage/mocks/storage.go:95.65,97.3 1 0
github.com/mi4r/avito-shop/internal/storage/mocks/storage.go:97.8,99.3 1 0
github.com/mi4r/avito-shop/internal/storage/mocks/storage.go:101.2,101.19 1 0
github.com/mi4r/avito-shop/internal/storage/mocks/storage.go:105.98,108.19 2 0
github.com/mi4r/avito-shop/internal/storage/mocks/storage.go:108.19,109.59 1 0
github.com/mi4r/avito-shop/internal/storage/mocks/storage.go:112.2,114.84 3 0
github.com/mi4r/avito-shop/internal/storage/mocks/storage.go:114.84,116.3 1 0
github.com/mi4r/avito-shop/internal/storage/mocks/storage.go:117.2,117.75 1 0
github.com/mi4r/avito-shop/internal/storage/mocks/storage.go:117.75,119.3 1 0
github.com/mi4r/avito-shop/internal/storage/mocks/storage.go:119.8,120.24 1 0
github.com/mi4r/avito-shop/internal/storage/mocks/storage.go:120.24,122.4 1 0
github.com/mi4r/avito-shop/internal/storage/mocks/storage.go:125.2,125.68 1 0
github.com/mi4r/avito-shop/internal/storage/mocks/storage.go:125.68,127.3 1 0
github.com/mi4r/avito-shop/internal/storage/mocks/storage.go:127.8,129.3 1 0
github.com/mi4r/avito-shop/internal/storage/mocks/storage.go:131.2,131.15 1 0
github.com/mi4r/avito-shop/internal/storage/mocks/storage.go:135.102,138.19 2 0
github.com/mi4r/avito-shop/internal/storage/mocks/storage.go:138.19,139.58 1 0
github.com/mi4r/avito-shop/internal/storage/mocks/storage.go:142.2,144.91 3 0
github.com/mi4r/avito-shop/internal/storage/mocks/storage.go:144.91,146.3 1 0
github.com/mi4r/avito-shop/internal/storage/mocks/storage.go:147.2,147.82 1 0
github.com/mi4r/avito-shop/internal/storage/mocks/storage.go:147.82,149.3 1 0
github.com/mi4r/avito-shop/internal/storage/mocks/storage.go:149.8,150.24 1 0
github.com/mi4r/avito-shop/internal/storage/mocks/storage.go:150.24,152.4 1 0
github.com/mi4r/avito-shop/internal/storage/mocks/storage.go:155.2,155.65 1 0
github.com/mi4r/avito-shop/internal/storage/mocks/storage.go:155.65,157.3 1 0
github.com/mi4r/avito-shop/internal/storage/mocks/storage.go:157.8,159.3 1 0
github.com/mi4r/avito-shop/internal/storage/mocks/storage.go:161.2,161.15 1 0
github.com/mi4r/avito-shop/internal/storage/mocks/storage.go:165.40,167.2 1 0
github.com/mi4r/avito-shop/internal/storage/mocks/storage.go:170.117,173.19 2 0
github.com/mi4r/avito-shop/internal/storage/mocks/storage.go:173.19,174.51 1 0
github.com/mi4r/avito-shop/internal/storage/mocks/storage.go:177.2,178.81 2 0
github.com/mi4r/avito-shop/internal/storage/mocks/storage.go:178.81,180.3 1 0
github.com/mi4r/avito-shop/internal/storage/mocks/storage.go:180.8,182.3 1 0
github.com/mi4r/avito-shop/internal/storage/mocks/storage.go:184.2,184.11 1 0
github.com/mi4r/avito-shop/internal/storage/mocks/storage.go:192.13,196.19 3 0
github.com/mi4r/avito-shop/internal/storage/mocks/storage.go:196.19,196.49 1 0
github.com/mi4r/avito-shop/internal/storage/mocks/storage.go:198.2,198.13 1 0
github.com/mi4r/avito-shop/internal/config/config.go:17.25,25.2 1 1
github.com/mi4r/avito-shop/internal/config/config.go:27.34,30.2 1 1
github.com/mi4r/avito-shop/internal/config/config.go:32.39,35.2 1 1
github.com/mi4r/avito-shop/internal/middlewares/auth.go:13.94,14.46 1 1
github.com/mi4r/avito-shop/internal/middlewares/auth.go:14.46,15.72 1 1
github.com/mi4r/avito-shop/internal/middlewares/auth.go:15.72,17.24 2 1
github.com/mi4r/avito-shop/internal/middlewares/auth.go:17.24,20.5 2 1
github.com/mi4r/avito-shop/internal/middlewares/auth.go:22.4,23.85 2 1
github.com/mi4r/avito-shop/internal/middlewares/auth.go:23.85,25.5 1 1
github.com/mi4r/avito-shop/internal/middlewares/auth.go:27.4,27.34 1 1
github.com/mi4r/avito-shop/internal/middlewares/auth.go:27.34,30.5 2 1
github.com/mi4r/avito-shop/internal/middlewares/auth.go:32.4,33.11 2 1
github.com/mi4r/avito-shop/internal/middlewares/auth.go:33.11,36.5 2 0
github.com/mi4r/avito-shop/internal/middlewares/auth.go:38.4,39.11 2 1
github.com/mi4r/avito-shop/internal/middlewares/auth.go:39.11,42.5 2 1
github.com/mi4r/avito-shop/internal/middlewares/auth.go:44.4,45.41 2 1
github.com/mi4r/avito-shop/internal/storage/mocks/storage.go:18.89,21.19 2 0
github.com/mi4r/avito-shop/internal/storage/mocks/storage.go:21.19,22.49 1 0
github.com/mi4r/avito-shop/internal/storage/mocks/storage.go:25.2,26.76 2 0
github.com/mi4r/avito-shop/internal/storage/mocks/storage.go:26.76,28.3 1 0
github.com/mi4r/avito-shop/internal/storage/mocks/storage.go:28.8,30.3 1 0
github.com/mi4r/avito-shop/internal/storage/mocks/storage.go:32.2,32.11 1 0
github.com/mi4r/avito-shop/internal/storage/mocks/storage.go:36.112,39.19 2 0
github.com/mi4r/avito-shop/internal/storage/mocks/storage.go:39.19,40.52 1 0
github.com/mi4r/avito-shop/internal/storage/mocks/storage.go:43.2,45.92 3 0
github.com/mi4r/avito-shop/internal/storage/mocks/storage.go:45.92,47.3 1 0
github.com/mi4r/avito-shop/internal/storage/mocks/storage.go:48.2,48.83 1 0
github.com/mi4r/avito-shop/internal/storage/mocks/storage.go:48.83,50.3 1 0
github.com/mi4r/avito-shop/internal/storage/mocks/storage.go:50.8,51.24 1 0
github.com/mi4r/avito-shop/internal/storage/mocks/storage.go:51.24,53.4 1 0
github.com/mi4r/avito-shop/internal/storage/mocks/storage.go:56.2,56.76 1 0
github.com/mi4r/avito-shop/internal/storage/mocks/storage.go:56.76,58.3 1 0
github.com/mi4r/avito-shop/internal/storage/mocks/storage.go:58.8,60.3 1 0
github.com/mi4r/avito-shop/internal/storage/mocks/storage.go:62.2,62.15 1 0
github.com/mi4r/avito-shop/internal/storage/mocks/storage.go:66.132,69.19 2 0
github.com/mi4r/avito-shop/internal/storage/mocks/storage.go:69.19,70.56 1 0
github.com/mi4r/avito-shop/internal/storage/mocks/storage.go:73.2,76.123 4 0
github.com/mi4r/avito-shop/internal/storage/mocks/storage.go:76.123,78.3 1 0
github.com/mi4r/avito-shop/internal/storage/mocks/storage.go:79.2,79.88 1 0
github.com/mi4r/avito-shop/internal/storage/mocks/storage.go:79.88,81.3 1 0
github.com/mi4r/avito-shop/internal/storage/mocks/storage.go:81.8,82.24 1 0
github.com/mi4r/avito-shop/internal/storage/mocks/storage.go:82.24,84.4 1 0
github.com/mi4r/avito-shop/internal/storage/mocks/storage.go:87.2,87.84 1 0
github.com/mi4r/avito-shop/internal/storage/mocks/storage.go:87.84,89.3 1 0
github.com/mi4r/avito-shop/internal/storage/mocks/storage.go:89.8,90.24 1 0
github.com/mi4r/avito-shop/internal/storage/mocks/storage.go:90.24,92.4 1 0
github.com/mi4r/avito-shop/internal/storage/mocks/storage.go:95.2,95.65 1 0
github.com/mi4r/avito-shop/internal/storage/mocks/storage.go:95.65,97.3 1 0
github.com/mi4r/avito-shop/internal/storage/mocks/storage.go:97.8,99.3 1 0
github.com/mi4r/avito-shop/internal/storage/mocks/storage.go:101.2,101.19 1 0
github.com/mi4r/avito-shop/internal/storage/mocks/storage.go:105.98,108.19 2 0
github.com/mi4r/avito-shop/internal/storage/mocks/storage.go:108.19,109.59 1 0
github.com/mi4r/avito-shop/internal/storage/mocks/storage.go:112.2,114.84 3 0
github.com/mi4r/avito-shop/internal/storage/mocks/storage.go:114.84,116.3 1 0
github.com/mi4r/avito-shop/internal/storage/mocks/storage.go:117.2,117.75 1 0
github.com/mi4r/avito-shop/internal/storage/mocks/storage.go:117.75,119.3 1 0
github.com/mi4r/avito-shop/internal/storage/mocks/storage.go:119.8,120.24 1 0
github.com/mi4r/avito-shop/internal/storage/mocks/storage.go:120.24,122.4 1 0
github.com/mi4r/avito-shop/internal/storage/mocks/storage.go:125.2,125.68 1 0
github.com/mi4r/avito-shop/internal/storage/mocks/storage.go:125.68,127.3 1 0
github.com/mi4r/avito-shop/internal/storage/mocks/storage.go:127.8,129.3 1 0
github.com/mi4r/avito-shop/internal/storage/mocks/storage.go:131.2,131.15 1 0
github.com/mi4r/avito-shop/internal/storage/mocks/storage.go:135.102,138.19 2 0
github.com/mi4r/avito-shop/internal/storage/mocks/storage.go:138.19,139.58 1 0
github.com/mi4r/avito-shop/internal/storage/mocks/storage.go:142.2,144.91 3 0
github.com/mi4r/avito-shop/internal/storage/mocks/storage.go:144.91,146.3 1 0
github.com/mi4r/avito-shop/internal/storage/mocks/storage.go:147.2,147.82 1 0
github.com/mi4r/avito-shop/internal/storage/mocks/storage.go:147.82,149.3 1 0
github.com/mi4r/avito-shop/internal/storage/mocks/storage.go:149.8,150.24 1 0
github.com/mi4r/avito-shop/internal/storage/mocks/storage.go:150.24,152.4 1 0
github.com/mi4r/avito-shop/internal/storage/mocks/storage.go:155.2,155.65 1 0
github.com/mi4r/avito-shop/internal/storage/mocks/storage.go:155.65,157.3 1 0
github.com/mi4r/avito-shop/internal/storage/mocks/storage.go:157.8,159.3 1 0
github.com/mi4r/avito-shop/internal/storage/mocks/storage.go:161.2,161.15 1 0
github.com/mi4r/avito-shop/internal/storage/mocks/storage.go:165.40,167.2 1 0
github.com/mi4r/avito-shop/internal/storage/mocks/storage.go:170.117,173.19 2 0
github.com/mi4r/avito-shop/internal/storage/mocks/storage.go:173.19,174.51 1 0
github.com/mi4r/avito-shop/internal/storage/mocks/storage.go:177.2,178.81 2 0
github.com/mi4r/avito-shop/internal/storage/mocks/storage.go:178.81,180.3 1 0
github.com/mi4r/avito-shop/internal/storage/mocks/storage.go:180.8,182.3 1 0
github.com/mi4r/avito-shop/internal/storage/mocks/storage.go:184.2,184.11 1 0
github.com/mi4r/avito-shop/internal/storage/mocks/storage.go:192.13,196.19 3 1
github.com/mi4r/avito-shop/internal/storage/mocks/storage.go:196.19,196.49 1 1
github.com/mi4r/avito-shop/internal/storage/mocks/storage.go:198.2,198.13 1 1
github.com/mi4r/avito-shop/internal/storage/storage/storage.go:38.54,40.2 1 0
github.com/mi4r/avito-shop/internal/storage/storage/storage.go:42.47,44.50 1 0
github.com/mi4r/avito-shop/internal/storage/storage/storage.go:44.50,46.3 1 0
github.com/mi4r/avito-shop/internal/storage/storage/storage.go:49.64,52.16 2 0
github.com/mi4r/avito-shop/internal/storage/storage/storage.go:52.16,54.3 1 0
github.com/mi4r/avito-shop/internal/storage/storage/storage.go:56.2,60.16 2 0
github.com/mi4r/avito-shop/internal/storage/storage/storage.go:60.16,62.3 1 0
github.com/mi4r/avito-shop/internal/storage/storage/storage.go:63.2,63.18 1 0
github.com/mi4r/avito-shop/internal/storage/storage/storage.go:66.105,70.16 3 0
github.com/mi4r/avito-shop/internal/storage/storage/storage.go:70.16,72.3 1 0
github.com/mi4r/avito-shop/internal/storage/storage/storage.go:73.2,73.19 1 0
github.com/mi4r/avito-shop/internal/storage/storage/storage.go:76.112,85.63 3 0
github.com/mi4r/avito-shop/internal/storage/storage/storage.go:85.63,87.3 1 0
github.com/mi4r/avito-shop/internal/storage/storage/storage.go:88.2,88.16 1 0
github.com/mi4r/avito-shop/internal/storage/storage/storage.go:88.16,90.3 1 0
github.com/mi4r/avito-shop/internal/storage/storage/storage.go:91.2,91.19 1 0
github.com/mi4r/avito-shop/internal/storage/storage/storage.go:94.109,101.16 2 0
github.com/mi4r/avito-shop/internal/storage/storage/storage.go:101.16,103.3 1 0
github.com/mi4r/avito-shop/internal/storage/storage/storage.go:104.2,107.18 3 0
github.com/mi4r/avito-shop/internal/storage/storage/storage.go:107.18,109.63 2 0
github.com/mi4r/avito-shop/internal/storage/storage/storage.go:109.63,111.4 1 0
github.com/mi4r/avito-shop/internal/storage/storage/storage.go:112.3,112.24 1 0
github.com/mi4r/avito-shop/internal/storage/storage/storage.go:112.24,114.4 1 0
github.com/mi4r/avito-shop/internal/storage/storage/storage.go:116.2,116.23 1 0
github.com/mi4r/avito-shop/internal/storage/storage/storage.go:119.139,128.16 2 0
github.com/mi4r/avito-shop/internal/storage/storage/storage.go:128.16,130.3 1 0
github.com/mi4r/avito-shop/internal/storage/storage/storage.go:131.2,134.26 3 0
github.com/mi4r/avito-shop/internal/storage/storage/storage.go:134.26,136.67 2 0
github.com/mi4r/avito-shop/internal/storage/storage/storage.go:136.67,138.4 1 0
github.com/mi4r/avito-shop/internal/storage/storage/storage.go:139.3,139.33 1 0
github.com/mi4r/avito-shop/internal/storage/storage/storage.go:143.2,150.16 2 0
github.com/mi4r/avito-shop/internal/storage/storage/storage.go:150.16,152.3 1 0
github.com/mi4r/avito-shop/internal/storage/storage/storage.go:153.2,156.22 3 0
github.com/mi4r/avito-shop/internal/storage/storage/storage.go:156.22,158.61 2 0
github.com/mi4r/avito-shop/internal/storage/storage/storage.go:158.61,160.4 1 0
github.com/mi4r/avito-shop/internal/storage/storage/storage.go:161.3,161.25 1 0
github.com/mi4r/avito-shop/internal/storage/storage/storage.go:164.2,164.28 1 0
github.com/mi4r/avito-shop/internal/storage/storage/storage.go:167.117,169.16 2 0
github.com/mi4r/avito-shop/internal/storage/storage/storage.go:169.16,171.3 1 0
github.com/mi4r/avito-shop/internal/storage/storage/storage.go:172.2,180.16 4 0
github.com/mi4r/avito-shop/internal/storage/storage/storage.go:180.16,181.27 1 0
github.com/mi4r/avito-shop/internal/storage/storage/storage.go:181.27,183.4 1 0
github.com/mi4r/avito-shop/internal/storage/storage/storage.go:184.3,184.13 1 0
github.com/mi4r/avito-shop/internal/storage/storage/storage.go:187.2,187.26 1 0
github.com/mi4r/avito-shop/internal/storage/storage/storage.go:187.26,189.3 1 0
github.com/mi4r/avito-shop/internal/storage/storage/storage.go:192.2,197.16 3 0
github.com/mi4r/avito-shop/internal/storage/storage/storage.go:197.16,198.27 1 0
github.com/mi4r/avito-shop/internal/storage/storage/storage.go:198.27,200.4 1 0
github.com/mi4r/avito-shop/internal/storage/storage/storage.go:201.3,201.13 1 0
github.com/mi4r/avito-shop/internal/storage/storage/storage.go:205.2,209.16 2 0
github.com/mi4r/avito-shop/internal/storage/storage/storage.go:209.16,211.3 1 0
github.com/mi4r/avito-shop/internal/storage/storage/storage.go:213.2,217.16 2 0
github.com/mi4r/avito-shop/internal/storage/storage/storage.go:217.16,219.3 1 0
github.com/mi4r/avito-shop/internal/storage/storage/storage.go:222.2,227.16 2 0
github.com/mi4r/avito-shop/internal/storage/storage/storage.go:227.16,229.3 1 0
github.com/mi4r/avito-shop/internal/storage/storage/storage.go:231.2,231.20 1 0
github.com/mi4r/avito-shop/internal/storage/storage/storage.go:234.89,236.16 2 0
github.com/mi4r/avito-shop/internal/storage/storage/storage.go:236.16,238.3 1 0
github.com/mi4r/avito-shop/internal/storage/storage/storage.go:239.2,247.16 4 0
github.com/mi4r/avito-shop/internal/storage/storage/storage.go:247.16,248.27 1 0
github.com/mi4r/avito-shop/internal/storage/storage/storage.go:248.27,250.4 1 0
github.com/mi4r/avito-shop/internal/storage/storage/storage.go:251.3,251.13 1 0
github.com/mi4r/avito-shop/internal/storage/storage/storage.go:255.2,260.16 3 0
github.com/mi4r/avito-shop/internal/storage/storage/storage.go:260.16,261.27 1 0
github.com/mi4r/avito-shop/internal/storage/storage/storage.go:261.27,263.4 1 0
github.com/mi4r/avito-shop/internal/storage/storage/storage.go:264.3,264.13 1 0
github.com/mi4r/avito-shop/internal/storage/storage/storage.go:267.2,267.23 1 0
github.com/mi4r/avito-shop/internal/storage/storage/storage.go:267.23,269.3 1 0
github.com/mi4r/avito-shop/internal/storage/storage/storage.go:272.2,276.16 2 0
github.com/mi4r/avito-shop/internal/storage/storage/storage.go:276.16,278.3 1 0
github.com/mi4r/avito-shop/internal/storage/storage/storage.go:281.2,288.16 2 0
github.com/mi4r/avito-shop/internal/storage/storage/storage.go:288.16,290.3 1 0
github.com/mi4r/avito-shop/internal/storage/storage/storage.go:292.2,292.20 1 0
github.com/mi4r/avito-shop/internal/handlers/handlers.go:17.76,18.54 1 1
github.com/mi4r/avito-shop/internal/handlers/handlers.go:18.54,20.62 2 1
github.com/mi4r/avito-shop/internal/handlers/handlers.go:20.62,23.4 2 0
github.com/mi4r/avito-shop/internal/handlers/handlers.go:25.3,26.36 2 1
github.com/mi4r/avito-shop/internal/handlers/handlers.go:26.36,29.18 3 1
github.com/mi4r/avito-shop/internal/handlers/handlers.go:29.18,32.5 2 1
github.com/mi4r/avito-shop/internal/handlers/handlers.go:33.9,33.24 1 1
github.com/mi4r/avito-shop/internal/handlers/handlers.go:33.24,36.4 2 0
github.com/mi4r/avito-shop/internal/handlers/handlers.go:36.9,37.105 1 1
github.com/mi4r/avito-shop/internal/handlers/handlers.go:37.105,40.5 2 1
github.com/mi4r/avito-shop/internal/handlers/handlers.go:43.3,48.77 3 1
github.com/mi4r/avito-shop/internal/handlers/handlers.go:52.58,53.54 1 1
github.com/mi4r/avito-shop/internal/handlers/handlers.go:53.54,57.17 3 1
github.com/mi4r/avito-shop/internal/handlers/handlers.go:57.17,60.4 2 1
github.com/mi4r/avito-shop/internal/handlers/handlers.go:62.3,63.17 2 1
github.com/mi4r/avito-shop/internal/handlers/handlers.go:63.17,66.4 2 0
github.com/mi4r/avito-shop/internal/handlers/handlers.go:68.3,69.17 2 1
github.com/mi4r/avito-shop/internal/handlers/handlers.go:69.17,72.4 2 0
github.com/mi4r/avito-shop/internal/handlers/handlers.go:74.3,84.5 1 1
github.com/mi4r/avito-shop/internal/handlers/handlers.go:88.62,89.54 1 1
github.com/mi4r/avito-shop/internal/handlers/handlers.go:89.54,91.62 2 1
github.com/mi4r/avito-shop/internal/handlers/handlers.go:91.62,94.4 2 0
github.com/mi4r/avito-shop/internal/handlers/handlers.go:96.3,97.86 2 1
github.com/mi4r/avito-shop/internal/handlers/handlers.go:97.86,98.15 1 1
github.com/mi4r/avito-shop/internal/handlers/handlers.go:99.38,100.69 1 1
github.com/mi4r/avito-shop/internal/handlers/handlers.go:101.33,102.65 1 1
github.com/mi4r/avito-shop/internal/handlers/handlers.go:103.12,104.78 1 0
github.com/mi4r/avito-shop/internal/handlers/handlers.go:106.4,106.10 1 1
github.com/mi4r/avito-shop/internal/handlers/handlers.go:109.3,109.31 1 1
github.com/mi4r/avito-shop/internal/handlers/handlers.go:113.61,114.54 1 1
github.com/mi4r/avito-shop/internal/handlers/handlers.go:114.54,118.72 3 1
github.com/mi4r/avito-shop/internal/handlers/handlers.go:118.72,119.15 1 1
github.com/mi4r/avito-shop/internal/handlers/handlers.go:120.33,121.65 1 1
github.com/mi4r/avito-shop/internal/handlers/handlers.go:122.38,123.69 1 1
github.com/mi4r/avito-shop/internal/handlers/handlers.go:124.12,125.75 1 0
github.com/mi4r/avito-shop/internal/handlers/handlers.go:127.4,127.10 1 1
github.com/mi4r/avito-shop/internal/handlers/handlers.go:130.3,130.31 1 1
github.com/mi4r/avito-shop/internal/handlers/handlers.go:134.76,138.2 3 1
github.com/mi4r/avito-shop/internal/handlers/handlers.go:140.72,142.2 1 1
github.com/mi4r/avito-shop/internal/storage/mocks/storage.go:18.89,21.19 2 1
github.com/mi4r/avito-shop/internal/storage/mocks/storage.go:21.19,22.49 1 0
github.com/mi4r/avito-shop/internal/storage/mocks/storage.go:25.2,26.76 2 1
github.com/mi4r/avito-shop/internal/storage/mocks/storage.go:26.76,28.3 1 0
github.com/mi4r/avito-shop/internal/storage/mocks/storage.go:28.8,30.3 1 1
github.com/mi4r/avito-shop/internal/storage/mocks/storage.go:32.2,32.11 1 1
github.com/mi4r/avito-shop/internal/storage/mocks/storage.go:36.112,39.19 2 1
github.com/mi4r/avito-shop/internal/storage/mocks/storage.go:39.19,40.52 1 0
github.com/mi4r/avito-shop/internal/storage/mocks/storage.go:43.2,45.92 3 1
github.com/mi4r/avito-shop/internal/storage/mocks/storage.go:45.92,47.3 1 0
github.com/mi4r/avito-shop/internal/storage/mocks/storage.go:48.2,48.83 1 1
github.com/mi4r/avito-shop/internal/storage/mocks/storage.go:48.83,50.3 1 0
github.com/mi4r/avito-shop/internal/storage/mocks/storage.go:50.8,51.24 1 1
github.com/mi4r/avito-shop/internal/storage/mocks/storage.go:51.24,53.4 1 1
github.com/mi4r/avito-shop/internal/storage/mocks/storage.go:56.2,56.76 1 1
github.com/mi4r/avito-shop/internal/storage/mocks/storage.go:56.76,58.3 1 0
github.com/mi4r/avito-shop/internal/storage/mocks/storage.go:58.8,60.3 1 1
github.com/mi4r/avito-shop/internal/storage/mocks/storage.go:62.2,62.15 1 1
github.com/mi4r/avito-shop/internal/storage/mocks/storage.go:66.132,69.19 2 1
github.com/mi4r/avito-shop/internal/storage/mocks/storage.go:69.19,70.56 1 0
github.com/mi4r/avito-shop/internal/storage/mocks/storage.go:73.2,76.123 4 1
github.com/mi4r/avito-shop/internal/storage/mocks/storage.go:76.123,78.3 1 0
github.com/mi4r/avito-shop/internal/storage/mocks/storage.go:79.2,79.88 1 1
github.com/mi4r/avito-shop/internal/storage/mocks/storage.go:79.88,81.3 1 0
github.com/mi4r/avito-shop/internal/storage/mocks/storage.go:81.8,82.24 1 1
github.com/mi4r/avito-shop/internal/storage/mocks/storage.go:82.24,84.4 1 1
github.com/mi4r/avito-shop/internal/storage/mocks/storage.go:87.2,87.84 1 1
github.com/mi4r/avito-shop/internal/storage/mocks/storage.go:87.84,89.3 1 0
github.com/mi4r/avito-shop/internal/storage/mocks/storage.go:89.8,90.24 1 1
github.com/mi4r/avito-shop/internal/storage/mocks/storage.go:90.24,92.4 1 1
github.com/mi4r/avito-shop/internal/storage/mocks/storage.go:95.2,95.65 1 1
github.com/mi4r/avito-shop/internal/storage/mocks/storage.go:95.65,97.3 1 0
github.com/mi4r/avito-shop/internal/storage/mocks/storage.go:97.8,99.3 1 1
github.com/mi4r/avito-shop/internal/storage/mocks/storage.go:101.2,101.19 1 1
github.com/mi4r/avito-shop/internal/storage/mocks/storage.go:105.98,108.19 2 1
github.com/mi4r/avito-shop/internal/storage/mocks/storage.go:108.19,109.59 1 0
github.com/mi4r/avito-shop/internal/storage/mocks/storage.go:112.2,114.84 3 1
github.com/mi4r/avito-shop/internal/storage/mocks/storage.go:114.84,116.3 1 0
github.com/mi4r/avito-shop/internal/storage/mocks/storage.go:117.2,117.75 1 1
github.com/mi4r/avito-shop/internal/storage/mocks/storage.go:117.75,119.3 1 0
github.com/mi4r/avito-shop/internal/storage/mocks/storage.go:119.8,120.24 1 1
github.com/mi4r/avito-shop/internal/storage/mocks/storage.go:120.24,122.4 1 1
github.com/mi4r/avito-shop/internal/storage/mocks/storage.go:125.2,125.68 1 1
github.com/mi4r/avito-shop/internal/storage/mocks/storage.go:125.68,127.3 1 0
github.com/mi4r/avito-shop/internal/storage/mocks/storage.go:127.8,129.3 1 1
github.com/mi4r/avito-shop/internal/storage/mocks/storage.go:131.2,131.15 1 1
github.com/mi4r/avito-shop/internal/storage/mocks/storage.go:135.102,138.19 2 1
github.com/mi4r/avito-shop/internal/storage/mocks/storage.go:138.19,139.58 1 0
github.com/mi4r/avito-shop/internal/storage/mocks/storage.go:142.2,144.91 3 1
github.com/mi4r/avito-shop/internal/storage/mocks/storage.go:144.91,146.3 1 0
github.com/mi4r/avito-shop/internal/storage/mocks/storage.go:147.2,147.82 1 1
github.com/mi4r/avito-shop/internal/storage/mocks/storage.go:147.82,149.3 1 0
github.com/mi4r/avito-shop/internal/storage/mocks/storage.go:149.8,150.24 1 1
github.com/mi4r/avito-shop/internal/storage/mocks/storage.go:150.24,152.4 1 1
github.com/mi4r/avito-shop/internal/storage/mocks/storage.go:155.2,155.65 1 1
github.com/mi4r/avito-shop/internal/storage/mocks/storage.go:155.65,157.3 1 0
github.com/mi4r/avito-shop/internal/storage/mocks/storage.go:157.8,159.3 1 1
github.com/mi4r/avito-shop/internal/storage/mocks/storage.go:161.2,161.15 1 1
github.com/mi4r/avito-shop/internal/storage/mocks/storage.go:165.40,167.2 1 0
github.com/mi4r/avito-shop/internal/storage/mocks/storage.go:170.117,173.19 2 1
github.com/mi4r/avito-shop/internal/storage/mocks/storage.go:173.19,174.51 1 0
github.com/mi4r/avito-shop/internal/storage/mocks/storage.go:177.2,178.81 2 1
github.com/mi4r/avito-shop/internal/storage/mocks/storage.go:178.81,180.3 1 0
github.com/mi4r/avito-shop/internal/storage/mocks/storage.go:180.8,182.3 1 1
github.com/mi4r/avito-shop/internal/storage/mocks/storage.go:184.2,184.11 1 1
github.com/mi4r/avito-shop/internal/storage/mocks/storage.go:192.13,196.19 3 1
github.com/mi4r/avito-shop/internal/storage/mocks/storage.go:196.19,196.49 1 1
github.com/mi4r/avito-shop/internal/storage/mocks/storage.go:198.2,198.13 1 1
github.com/mi4r/avito-shop/internal/storage/storage/storage.go:38.54,40.2 1 0
github.com/mi4r/avito-shop/internal/storage/storage/storage.go:42.47,44.50 1 0
github.com/mi4r/avito-shop/internal/storage/storage/storage.go:44.50,46.3 1 0
github.com/mi4r/avito-shop/internal/storage/storage/storage.go:49.64,52.16 2 0
github.com/mi4r/avito-shop/internal/storage/storage/storage.go:52.16,54.3 1 0
github.com/mi4r/avito-shop/internal/storage/storage/storage.go:56.2,60.16 2 0
github.com/mi4r/avito-shop/internal/storage/storage/storage.go:60.16,62.3 1 0
github.com/mi4r/avito-shop/internal/storage/storage/storage.go:63.2,63.18 1 0
github.com/mi4r/avito-shop/internal/storage/storage/storage.go:66.105,70.16 3 0
github.com/mi4r/avito-shop/internal/storage/storage/storage.go:70.16,72.3 1 0
github.com/mi4r/avito-shop/internal/storage/storage/storage.go:73.2,73.19 1 0
github.com/mi4r/avito-shop/internal/storage/storage/storage.go:76.112,85.63 3 0
github.com/mi4r/avito-shop/internal/storage/storage/storage.go:85.63,87.3 1 0
github.com/mi4r/avito-shop/internal/storage/storage/storage.go:88.2,88.16 1 0
github.com/mi4r/avito-shop/internal/storage/storage/storage.go:88.16,90.3 1 0
github.com/mi4r/avito-shop/internal/storage/storage/storage.go:91.2,91.19 1 0
github.com/mi4r/avito-shop/internal/storage/storage/storage.go:94.109,101.16 2 0
github.com/mi4r/avito-shop/internal/storage/storage/storage.go:101.16,103.3 1 0
github.com/mi4r/avito-shop/internal/storage/storage/storage.go:104.2,107.18 3 0
github.com/mi4r/avito-shop/internal/storage/storage/storage.go:107.18,109.63 2 0
github.com/mi4r/avito-shop/internal/storage/storage/storage.go:109.63,111.4 1 0
github.com/mi4r/avito-shop/internal/storage/storage/storage.go:112.3,112.24 1 0
github.com/mi4r/avito-shop/internal/storage/storage/storage.go:112.24,114.4 1 0
github.com/mi4r/avito-shop/internal/storage/storage/storage.go:116.2,116.23 1 0
github.com/mi4r/avito-shop/internal/storage/storage/storage.go:119.139,128.16 2 0
github.com/mi4r/avito-shop/internal/storage/storage/storage.go:128.16,130.3 1 0
github.com/mi4r/avito-shop/internal/storage/storage/storage.go:131.2,134.26 3 0
github.com/mi4r/avito-shop/internal/storage/storage/storage.go:134.26,136.67 2 0
github.com/mi4r/avito-shop/internal/storage/storage/storage.go:136.67,138.4 1 0
github.com/mi4r/avito-shop/internal/storage/storage/storage.go:139.3,139.33 1 0
github.com/mi4r/avito-shop/internal/storage/storage/storage.go:143.2,150.16 2 0
github.com/mi4r/avito-shop/internal/storage/storage/storage.go:150.16,152.3 1 0
github.com/mi4r/avito-shop/internal/storage/storage/storage.go:153.2,156.22 3 0
github.com/mi4r/avito-shop/internal/storage/storage/storage.go:156.22,158.61 2 0
github.com/mi4r/avito-shop/internal/storage/storage/storage.go:158.61,160.4 1 0
github.com/mi4r/avito-shop/internal/storage/storage/storage.go:161.3,161.25 1 0
github.com/mi4r/avito-shop/internal/storage/storage/storage.go:164.2,164.28 1 0
github.com/mi4r/avito-shop/internal/storage/storage/storage.go:167.117,169.16 2 0
github.com/mi4r/avito-shop/internal/storage/storage/storage.go:169.16,171.3 1 0
github.com/mi4r/avito-shop/internal/storage/storage/storage.go:172.2,180.16 4 0
github.com/mi4r/avito-shop/internal/storage/storage/storage.go:180.16,181.27 1 0
github.com/mi4r/avito-shop/internal/storage/storage/storage.go:181.27,183.4 1 0
github.com/mi4r/avito-shop/internal/storage/storage/storage.go:184.3,184.13 1 0
github.com/mi4r/avito-shop/internal/storage/storage/storage.go:187.2,187.26 1 0
github.com/mi4r/avito-shop/internal/storage/storage/storage.go:187.26,189.3 1 0
github.com/mi4r/avito-shop/internal/storage/storage/storage.go:192.2,197.16 3 0
github.com/mi4r/avito-shop/internal/storage/storage/storage.go:197.16,198.27 1 0
github.com/mi4r/avito-shop/internal/storage/storage/storage.go:198.27,200.4 1 0
github.com/mi4r/avito-shop/internal/storage/storage/storage.go:201.3,201.13 1 0
github.com/mi4r/avito-shop/internal/storage/storage/storage.go:205.2,209.16 2 0
github.com/mi4r/avito-shop/internal/storage/storage/storage.go:209.16,211.3 1 0
github.com/mi4r/avito-shop/internal/storage/storage/storage.go:213.2,217.16 2 0
github.com/mi4r/avito-shop/internal/storage/storage/storage.go:217.16,219.3 1 0
github.com/mi4r/avito-shop/internal/storage/storage/storage.go:222.2,227.16 2 0
github.com/mi4r/avito-shop/internal/storage/storage/storage.go:227.16,229.3 1 0
github.com/mi4r/avito-shop/internal/storage/storage/storage.go:231.2,231.20 1 0
github.com/mi4r/avito-shop/internal/storage/storage/storage.go:234.89,236.16 2 0
github.com/mi4r/avito-shop/internal/storage/storage/storage.go:236.16,238.3 1 0
github.com/mi4r/avito-shop/internal/storage/storage/storage.go:239.2,247.16 4 0
github.com/mi4r/avito-shop/internal/storage/storage/storage.go:247.16,248.27 1 0
github.com/mi4r/avito-shop/internal/storage/storage/storage.go:248.27,250.4 1 0
github.com/mi4r/avito-shop/internal/storage/storage/storage.go:251.3,251.13 1 0
github.com/mi4r/avito-shop/internal/storage/storage/storage.go:255.2,260.16 3 0
github.com/mi4r/avito-shop/internal/storage/storage/storage.go:260.16,261.27 1 0
github.com/mi4r/avito-shop/internal/storage/storage/storage.go:261.27,263.4 1 0
github.com/mi4r/avito-shop/internal/storage/storage/storage.go:264.3,264.13 1 0
github.com/mi4r/avito-shop/internal/storage/storage/storage.go:267.2,267.23 1 0
github.com/mi4r/avito-shop/internal/storage/storage/storage.go:267.23,269.3 1 0
github.com/mi4r/avito-shop/internal/storage/storage/storage.go:272.2,276.16 2 0
github.com/mi4r/avito-shop/internal/storage/storage/storage.go:276.16,278.3 1 0
github.com/mi4r/avito-shop/internal/storage/storage/storage.go:281.2,288.16 2 0
github.com/mi4r/avito-shop/internal/storage/storage/storage.go:288.16,290.3 1 0
github.com/mi4r/avito-shop/internal/storage/storage/storage.go:292.2,292.20 1 0
